<?xml version="1.0" encoding="UTF-8"?>
<testng-results ignored="0" total="1" passed="1" failed="0" skipped="0">
  <reporter-output>
  </reporter-output>
  <suite started-at="2023-08-12T13:02:43 IST" name="Default suite" finished-at="2023-08-12T13:02:43 IST" duration-ms="566">
    <groups>
    </groups>
    <test started-at="2023-08-12T13:02:43 IST" name="Default test" finished-at="2023-08-12T13:02:43 IST" duration-ms="566">
      <class name="video58ReadDataFromFileSendToPOjo.ReadDataFromJsonFile">
        <test-method signature="resdJsonFile()[pri:0, instance:video58ReadDataFromFileSendToPOjo.ReadDataFromJsonFile@20f5239f]" started-at="2023-08-12T13:02:43 IST" name="resdJsonFile" finished-at="2023-08-12T13:02:43 IST" duration-ms="494" status="PASS">
          <reporter-output>
          </reporter-output>
        </test-method> <!-- resdJsonFile -->
      </class> <!-- video58ReadDataFromFileSendToPOjo.ReadDataFromJsonFile -->
    </test> <!-- Default test -->
  </suite> <!-- Default suite -->
</testng-results>
